2018-07-27 16:52:15.338 [main] INFO  com.wesley.bean.BeanApplication - Starting BeanApplication on csscis with PID 24248 (E:\GoogleDownLoad\bean\target\classes started by pc in E:\GoogleDownLoad\bean)
2018-07-27 16:52:15.341 [main] INFO  com.wesley.bean.BeanApplication - No active profile set, falling back to default profiles: default
2018-07-27 16:52:15.383 [main] INFO  o.s.b.c.e.AnnotationConfigEmbeddedWebApplicationContext - Refreshing org.springframework.boot.context.embedded.AnnotationConfigEmbeddedWebApplicationContext@4562e04d: startup date [Fri Jul 27 16:52:15 CST 2018]; root of context hierarchy
2018-07-27 16:52:15.647 [background-preinit] INFO  org.hibernate.validator.internal.util.Version - HV000001: Hibernate Validator 5.3.5.Final
2018-07-27 16:52:16.609 [main] INFO  o.s.c.s.PostProcessorRegistrationDelegate$BeanPostProcessorChecker - Bean 'org.springframework.transaction.annotation.ProxyTransactionManagementConfiguration' of type [org.springframework.transaction.annotation.ProxyTransactionManagementConfiguration$$EnhancerBySpringCGLIB$$85ab0a99] is not eligible for getting processed by all BeanPostProcessors (for example: not eligible for auto-proxying)
2018-07-27 16:52:16.797 [main] INFO  o.s.c.s.PostProcessorRegistrationDelegate$BeanPostProcessorChecker - Bean 'org.springframework.security.config.annotation.configuration.ObjectPostProcessorConfiguration' of type [org.springframework.security.config.annotation.configuration.ObjectPostProcessorConfiguration$$EnhancerBySpringCGLIB$$1e58d2d3] is not eligible for getting processed by all BeanPostProcessors (for example: not eligible for auto-proxying)
2018-07-27 16:52:16.808 [main] INFO  o.s.c.s.PostProcessorRegistrationDelegate$BeanPostProcessorChecker - Bean 'objectPostProcessor' of type [org.springframework.security.config.annotation.configuration.AutowireBeanFactoryObjectPostProcessor] is not eligible for getting processed by all BeanPostProcessors (for example: not eligible for auto-proxying)
2018-07-27 16:52:16.813 [main] INFO  o.s.c.s.PostProcessorRegistrationDelegate$BeanPostProcessorChecker - Bean 'org.springframework.security.access.expression.method.DefaultMethodSecurityExpressionHandler@41f35f7c' of type [org.springframework.security.oauth2.provider.expression.OAuth2MethodSecurityExpressionHandler] is not eligible for getting processed by all BeanPostProcessors (for example: not eligible for auto-proxying)
2018-07-27 16:52:16.822 [main] INFO  o.s.c.s.PostProcessorRegistrationDelegate$BeanPostProcessorChecker - Bean 'org.springframework.security.config.annotation.method.configuration.Jsr250MetadataSourceConfiguration' of type [org.springframework.security.config.annotation.method.configuration.Jsr250MetadataSourceConfiguration$$EnhancerBySpringCGLIB$$68828d9b] is not eligible for getting processed by all BeanPostProcessors (for example: not eligible for auto-proxying)
2018-07-27 16:52:16.830 [main] INFO  o.s.c.s.PostProcessorRegistrationDelegate$BeanPostProcessorChecker - Bean 'jsr250MethodSecurityMetadataSource' of type [org.springframework.security.access.annotation.Jsr250MethodSecurityMetadataSource] is not eligible for getting processed by all BeanPostProcessors (for example: not eligible for auto-proxying)
2018-07-27 16:52:16.832 [main] INFO  o.s.c.s.PostProcessorRegistrationDelegate$BeanPostProcessorChecker - Bean 'securityConfiguration.GlobalSecurityConfiguration' of type [com.wesley.bean.config.SecurityConfiguration$GlobalSecurityConfiguration$$EnhancerBySpringCGLIB$$9bc30d8f] is not eligible for getting processed by all BeanPostProcessors (for example: not eligible for auto-proxying)
2018-07-27 16:52:16.860 [main] INFO  o.s.c.s.PostProcessorRegistrationDelegate$BeanPostProcessorChecker - Bean 'methodSecurityMetadataSource' of type [org.springframework.security.access.method.DelegatingMethodSecurityMetadataSource] is not eligible for getting processed by all BeanPostProcessors (for example: not eligible for auto-proxying)
2018-07-27 16:52:17.044 [main] INFO  o.s.c.s.PostProcessorRegistrationDelegate$BeanPostProcessorChecker - Bean 'security.oauth2.client-org.springframework.boot.autoconfigure.security.oauth2.OAuth2ClientProperties' of type [org.springframework.boot.autoconfigure.security.oauth2.OAuth2ClientProperties] is not eligible for getting processed by all BeanPostProcessors (for example: not eligible for auto-proxying)
2018-07-27 16:52:17.050 [main] INFO  o.s.c.s.PostProcessorRegistrationDelegate$BeanPostProcessorChecker - Bean 'org.springframework.boot.autoconfigure.security.oauth2.OAuth2AutoConfiguration' of type [org.springframework.boot.autoconfigure.security.oauth2.OAuth2AutoConfiguration$$EnhancerBySpringCGLIB$$3cf4c699] is not eligible for getting processed by all BeanPostProcessors (for example: not eligible for auto-proxying)
2018-07-27 16:52:17.070 [main] INFO  o.s.c.s.PostProcessorRegistrationDelegate$BeanPostProcessorChecker - Bean 'resourceServerProperties' of type [org.springframework.boot.autoconfigure.security.oauth2.resource.ResourceServerProperties] is not eligible for getting processed by all BeanPostProcessors (for example: not eligible for auto-proxying)
2018-07-27 16:52:17.506 [main] INFO  o.s.b.c.e.tomcat.TomcatEmbeddedServletContainer - Tomcat initialized with port(s): 8081 (http)
2018-07-27 16:52:17.521 [main] INFO  org.apache.catalina.core.StandardService - Starting service [Tomcat]
2018-07-27 16:52:17.522 [main] INFO  org.apache.catalina.core.StandardEngine - Starting Servlet Engine: Apache Tomcat/8.5.23
2018-07-27 16:52:17.635 [localhost-startStop-1] INFO  o.a.c.core.ContainerBase.[Tomcat].[localhost].[/] - Initializing Spring embedded WebApplicationContext
2018-07-27 16:52:17.635 [localhost-startStop-1] INFO  org.springframework.web.context.ContextLoader - Root WebApplicationContext: initialization completed in 2252 ms
2018-07-27 16:52:17.961 [localhost-startStop-1] INFO  o.s.boot.web.servlet.FilterRegistrationBean - Mapping filter: 'characterEncodingFilter' to: [/*]
2018-07-27 16:52:17.962 [localhost-startStop-1] INFO  o.s.boot.web.servlet.FilterRegistrationBean - Mapping filter: 'hiddenHttpMethodFilter' to: [/*]
2018-07-27 16:52:17.962 [localhost-startStop-1] INFO  o.s.boot.web.servlet.FilterRegistrationBean - Mapping filter: 'httpPutFormContentFilter' to: [/*]
2018-07-27 16:52:17.962 [localhost-startStop-1] INFO  o.s.boot.web.servlet.FilterRegistrationBean - Mapping filter: 'requestContextFilter' to: [/*]
2018-07-27 16:52:17.963 [localhost-startStop-1] INFO  o.s.b.w.s.DelegatingFilterProxyRegistrationBean - Mapping filter: 'springSecurityFilterChain' to: [/*]
2018-07-27 16:52:17.963 [localhost-startStop-1] INFO  o.s.boot.web.servlet.ServletRegistrationBean - Mapping servlet: 'dispatcherServlet' to [/]
2018-07-27 16:52:18.654 [main] INFO  com.alibaba.druid.pool.DruidDataSource - {dataSource-1} inited
2018-07-27 16:52:19.043 [main] INFO  o.s.orm.jpa.LocalContainerEntityManagerFactoryBean - Building JPA container EntityManagerFactory for persistence unit 'default'
2018-07-27 16:52:19.061 [main] INFO  org.hibernate.jpa.internal.util.LogHelper - HHH000204: Processing PersistenceUnitInfo [
	name: default
	...]
2018-07-27 16:52:19.149 [main] INFO  org.hibernate.Version - HHH000412: Hibernate Core {5.0.12.Final}
2018-07-27 16:52:19.150 [main] INFO  org.hibernate.cfg.Environment - HHH000206: hibernate.properties not found
2018-07-27 16:52:19.152 [main] INFO  org.hibernate.cfg.Environment - HHH000021: Bytecode provider name : javassist
2018-07-27 16:52:19.194 [main] INFO  org.hibernate.annotations.common.Version - HCANN000001: Hibernate Commons Annotations {5.0.1.Final}
2018-07-27 16:52:19.333 [main] INFO  org.hibernate.dialect.Dialect - HHH000400: Using dialect: org.hibernate.dialect.MySQL5Dialect
2018-07-27 16:52:19.842 [main] INFO  o.s.orm.jpa.LocalContainerEntityManagerFactoryBean - Initialized JPA EntityManagerFactory for persistence unit 'default'
2018-07-27 16:52:20.341 [main] INFO  o.h.hql.internal.QueryTranslatorFactoryInitiator - HHH000397: Using ASTQueryTranslatorFactory
2018-07-27 16:52:20.794 [main] INFO  o.s.s.o.p.endpoint.FrameworkEndpointHandlerMapping - Mapped "{[/oauth/authorize]}" onto public org.springframework.web.servlet.ModelAndView org.springframework.security.oauth2.provider.endpoint.AuthorizationEndpoint.authorize(java.util.Map<java.lang.String, java.lang.Object>,java.util.Map<java.lang.String, java.lang.String>,org.springframework.web.bind.support.SessionStatus,java.security.Principal)
2018-07-27 16:52:20.796 [main] INFO  o.s.s.o.p.endpoint.FrameworkEndpointHandlerMapping - Mapped "{[/oauth/authorize],methods=[POST],params=[user_oauth_approval]}" onto public org.springframework.web.servlet.View org.springframework.security.oauth2.provider.endpoint.AuthorizationEndpoint.approveOrDeny(java.util.Map<java.lang.String, java.lang.String>,java.util.Map<java.lang.String, ?>,org.springframework.web.bind.support.SessionStatus,java.security.Principal)
2018-07-27 16:52:20.796 [main] INFO  o.s.s.o.p.endpoint.FrameworkEndpointHandlerMapping - Mapped "{[/oauth/token],methods=[GET]}" onto public org.springframework.http.ResponseEntity<org.springframework.security.oauth2.common.OAuth2AccessToken> org.springframework.security.oauth2.provider.endpoint.TokenEndpoint.getAccessToken(java.security.Principal,java.util.Map<java.lang.String, java.lang.String>) throws org.springframework.web.HttpRequestMethodNotSupportedException
2018-07-27 16:52:20.796 [main] INFO  o.s.s.o.p.endpoint.FrameworkEndpointHandlerMapping - Mapped "{[/oauth/token],methods=[POST]}" onto public org.springframework.http.ResponseEntity<org.springframework.security.oauth2.common.OAuth2AccessToken> org.springframework.security.oauth2.provider.endpoint.TokenEndpoint.postAccessToken(java.security.Principal,java.util.Map<java.lang.String, java.lang.String>) throws org.springframework.web.HttpRequestMethodNotSupportedException
2018-07-27 16:52:20.797 [main] INFO  o.s.s.o.p.endpoint.FrameworkEndpointHandlerMapping - Mapped "{[/oauth/check_token]}" onto public java.util.Map<java.lang.String, ?> org.springframework.security.oauth2.provider.endpoint.CheckTokenEndpoint.checkToken(java.lang.String)
2018-07-27 16:52:20.798 [main] INFO  o.s.s.o.p.endpoint.FrameworkEndpointHandlerMapping - Mapped "{[/oauth/confirm_access]}" onto public org.springframework.web.servlet.ModelAndView org.springframework.security.oauth2.provider.endpoint.WhitelabelApprovalEndpoint.getAccessConfirmation(java.util.Map<java.lang.String, java.lang.Object>,javax.servlet.http.HttpServletRequest) throws java.lang.Exception
2018-07-27 16:52:20.798 [main] INFO  o.s.s.o.p.endpoint.FrameworkEndpointHandlerMapping - Mapped "{[/oauth/error]}" onto public org.springframework.web.servlet.ModelAndView org.springframework.security.oauth2.provider.endpoint.WhitelabelErrorEndpoint.handleError(javax.servlet.http.HttpServletRequest)
2018-07-27 16:52:21.117 [main] INFO  o.s.security.web.DefaultSecurityFilterChain - Creating filter chain: Ant [pattern='/hello'], []
2018-07-27 16:52:21.214 [main] INFO  o.s.security.web.DefaultSecurityFilterChain - Creating filter chain: OrRequestMatcher [requestMatchers=[Ant [pattern='/oauth/token'], Ant [pattern='/oauth/token_key'], Ant [pattern='/oauth/check_token']]], [org.springframework.security.web.context.request.async.WebAsyncManagerIntegrationFilter@47b4ac83, org.springframework.security.web.context.SecurityContextPersistenceFilter@53525379, org.springframework.security.web.header.HeaderWriterFilter@2e7a9db7, org.springframework.security.web.authentication.logout.LogoutFilter@1fa98a22, org.springframework.security.web.authentication.www.BasicAuthenticationFilter@18cbc3c2, org.springframework.security.web.savedrequest.RequestCacheAwareFilter@59e0d521, org.springframework.security.web.servletapi.SecurityContextHolderAwareRequestFilter@5341641d, org.springframework.security.web.authentication.AnonymousAuthenticationFilter@351ede23, org.springframework.security.web.session.SessionManagementFilter@5b0e9e0c, org.springframework.security.web.access.ExceptionTranslationFilter@116fc29e, org.springframework.security.web.access.intercept.FilterSecurityInterceptor@62158991]
2018-07-27 16:52:21.235 [main] INFO  o.s.security.web.DefaultSecurityFilterChain - Creating filter chain: org.springframework.security.oauth2.config.annotation.web.configuration.ResourceServerConfiguration$NotOAuthRequestMatcher@5f20b6fe, [org.springframework.security.web.context.request.async.WebAsyncManagerIntegrationFilter@31880efa, org.springframework.security.web.context.SecurityContextPersistenceFilter@5342eec5, org.springframework.security.web.header.HeaderWriterFilter@eb91027, org.springframework.security.web.authentication.logout.LogoutFilter@adc8683, org.springframework.security.oauth2.provider.authentication.OAuth2AuthenticationProcessingFilter@73be4cdd, org.springframework.security.web.savedrequest.RequestCacheAwareFilter@60e47aab, org.springframework.security.web.servletapi.SecurityContextHolderAwareRequestFilter@261a66b8, org.springframework.security.web.authentication.AnonymousAuthenticationFilter@79295932, org.springframework.security.web.session.SessionManagementFilter@459d2ee6, org.springframework.security.web.access.ExceptionTranslationFilter@588d630d, org.springframework.security.web.access.intercept.FilterSecurityInterceptor@51508029]
2018-07-27 16:52:21.271 [main] INFO  o.s.security.web.DefaultSecurityFilterChain - Creating filter chain: org.springframework.security.web.util.matcher.AnyRequestMatcher@1, [org.springframework.security.web.context.request.async.WebAsyncManagerIntegrationFilter@1cdd31a4, org.springframework.security.web.context.SecurityContextPersistenceFilter@36e3321e, org.springframework.security.web.header.HeaderWriterFilter@3a80c534, org.springframework.security.web.csrf.CsrfFilter@6cd66f6a, org.springframework.security.web.authentication.logout.LogoutFilter@5a205ee5, org.springframework.security.web.authentication.UsernamePasswordAuthenticationFilter@58f50dd0, org.springframework.security.web.authentication.ui.DefaultLoginPageGeneratingFilter@39afe59f, org.springframework.security.web.authentication.www.BasicAuthenticationFilter@1bb172dd, org.springframework.security.web.savedrequest.RequestCacheAwareFilter@218f2f51, org.springframework.security.web.servletapi.SecurityContextHolderAwareRequestFilter@1d9af731, org.springframework.security.web.authentication.AnonymousAuthenticationFilter@7dddfc35, org.springframework.security.web.session.SessionManagementFilter@fd5689d, org.springframework.security.web.access.ExceptionTranslationFilter@54387873, org.springframework.security.web.access.intercept.FilterSecurityInterceptor@5256fbc]
2018-07-27 16:52:21.754 [main] INFO  o.s.w.s.m.m.a.RequestMappingHandlerAdapter - Looking for @ControllerAdvice: org.springframework.boot.context.embedded.AnnotationConfigEmbeddedWebApplicationContext@4562e04d: startup date [Fri Jul 27 16:52:15 CST 2018]; root of context hierarchy
2018-07-27 16:52:21.829 [main] INFO  o.s.w.s.m.m.a.RequestMappingHandlerMapping - Mapped "{[/hello],methods=[GET]}" onto public java.lang.String com.wesley.bean.controller.HelloController.sayHello()
2018-07-27 16:52:21.829 [main] INFO  o.s.w.s.m.m.a.RequestMappingHandlerMapping - Mapped "{[/validator]}" onto public java.lang.String com.wesley.bean.controller.IndexController.validator(com.wesley.bean.pojo.DemoEntity,org.springframework.validation.BindingResult)
2018-07-27 16:52:21.829 [main] INFO  o.s.w.s.m.m.a.RequestMappingHandlerMapping - Mapped "{[/secure],methods=[GET]}" onto public java.lang.String com.wesley.bean.controller.SecureController.sayHello()
2018-07-27 16:52:21.830 [main] INFO  o.s.w.s.m.m.a.RequestMappingHandlerMapping - Mapped "{[/error]}" onto public org.springframework.http.ResponseEntity<java.util.Map<java.lang.String, java.lang.Object>> org.springframework.boot.autoconfigure.web.BasicErrorController.error(javax.servlet.http.HttpServletRequest)
2018-07-27 16:52:21.831 [main] INFO  o.s.w.s.m.m.a.RequestMappingHandlerMapping - Mapped "{[/error],produces=[text/html]}" onto public org.springframework.web.servlet.ModelAndView org.springframework.boot.autoconfigure.web.BasicErrorController.errorHtml(javax.servlet.http.HttpServletRequest,javax.servlet.http.HttpServletResponse)
2018-07-27 16:52:21.888 [main] INFO  o.s.web.servlet.handler.SimpleUrlHandlerMapping - Mapped URL path [/webjars/**] onto handler of type [class org.springframework.web.servlet.resource.ResourceHttpRequestHandler]
2018-07-27 16:52:21.888 [main] INFO  o.s.web.servlet.handler.SimpleUrlHandlerMapping - Mapped URL path [/**] onto handler of type [class org.springframework.web.servlet.resource.ResourceHttpRequestHandler]
2018-07-27 16:52:21.941 [main] INFO  o.s.web.servlet.handler.SimpleUrlHandlerMapping - Mapped URL path [/**/favicon.ico] onto handler of type [class org.springframework.web.servlet.resource.ResourceHttpRequestHandler]
2018-07-27 16:52:22.414 [main] INFO  o.s.jmx.export.annotation.AnnotationMBeanExporter - Registering beans for JMX exposure on startup
2018-07-27 16:52:22.415 [main] INFO  o.s.jmx.export.annotation.AnnotationMBeanExporter - Bean with name 'dataSource' has been autodetected for JMX exposure
2018-07-27 16:52:22.418 [main] INFO  o.s.jmx.export.annotation.AnnotationMBeanExporter - Located MBean 'dataSource': registering with JMX server as MBean [com.alibaba.druid.pool:name=dataSource,type=DruidDataSource]
2018-07-27 16:52:22.429 [main] INFO  org.apache.coyote.http11.Http11NioProtocol - Initializing ProtocolHandler ["http-nio-8081"]
2018-07-27 16:52:22.444 [main] INFO  org.apache.coyote.http11.Http11NioProtocol - Starting ProtocolHandler ["http-nio-8081"]
2018-07-27 16:52:22.461 [main] INFO  org.apache.tomcat.util.net.NioSelectorPool - Using a shared selector for servlet write/read
2018-07-27 16:52:22.501 [main] INFO  o.s.b.c.e.tomcat.TomcatEmbeddedServletContainer - Tomcat started on port(s): 8081 (http)
2018-07-27 16:52:22.505 [main] INFO  com.wesley.bean.BeanApplication - Started BeanApplication in 7.5 seconds (JVM running for 7.97)
2018-07-27 16:52:40.366 [http-nio-8081-exec-1] INFO  o.a.c.core.ContainerBase.[Tomcat].[localhost].[/] - Initializing Spring FrameworkServlet 'dispatcherServlet'
2018-07-27 16:52:40.367 [http-nio-8081-exec-1] INFO  org.springframework.web.servlet.DispatcherServlet - FrameworkServlet 'dispatcherServlet': initialization started
2018-07-27 16:52:40.407 [http-nio-8081-exec-1] INFO  org.springframework.web.servlet.DispatcherServlet - FrameworkServlet 'dispatcherServlet': initialization completed in 40 ms
2018-07-27 17:00:49.048 [main] INFO  com.wesley.bean.BeanApplication - Starting BeanApplication on csscis with PID 20428 (E:\GoogleDownLoad\bean\target\classes started by pc in E:\GoogleDownLoad\bean)
2018-07-27 17:00:49.050 [main] INFO  com.wesley.bean.BeanApplication - No active profile set, falling back to default profiles: default
2018-07-27 17:00:49.103 [main] INFO  o.s.b.c.e.AnnotationConfigEmbeddedWebApplicationContext - Refreshing org.springframework.boot.context.embedded.AnnotationConfigEmbeddedWebApplicationContext@4562e04d: startup date [Fri Jul 27 17:00:49 CST 2018]; root of context hierarchy
2018-07-27 17:00:49.285 [background-preinit] INFO  org.hibernate.validator.internal.util.Version - HV000001: Hibernate Validator 5.3.5.Final
2018-07-27 17:00:50.154 [main] INFO  o.s.c.s.PostProcessorRegistrationDelegate$BeanPostProcessorChecker - Bean 'org.springframework.transaction.annotation.ProxyTransactionManagementConfiguration' of type [org.springframework.transaction.annotation.ProxyTransactionManagementConfiguration$$EnhancerBySpringCGLIB$$4d2c935e] is not eligible for getting processed by all BeanPostProcessors (for example: not eligible for auto-proxying)
2018-07-27 17:00:50.344 [main] INFO  o.s.c.s.PostProcessorRegistrationDelegate$BeanPostProcessorChecker - Bean 'org.springframework.security.config.annotation.configuration.ObjectPostProcessorConfiguration' of type [org.springframework.security.config.annotation.configuration.ObjectPostProcessorConfiguration$$EnhancerBySpringCGLIB$$e5da5b98] is not eligible for getting processed by all BeanPostProcessors (for example: not eligible for auto-proxying)
2018-07-27 17:00:50.357 [main] INFO  o.s.c.s.PostProcessorRegistrationDelegate$BeanPostProcessorChecker - Bean 'objectPostProcessor' of type [org.springframework.security.config.annotation.configuration.AutowireBeanFactoryObjectPostProcessor] is not eligible for getting processed by all BeanPostProcessors (for example: not eligible for auto-proxying)
2018-07-27 17:00:50.363 [main] INFO  o.s.c.s.PostProcessorRegistrationDelegate$BeanPostProcessorChecker - Bean 'org.springframework.security.access.expression.method.DefaultMethodSecurityExpressionHandler@198ef2ce' of type [org.springframework.security.oauth2.provider.expression.OAuth2MethodSecurityExpressionHandler] is not eligible for getting processed by all BeanPostProcessors (for example: not eligible for auto-proxying)
2018-07-27 17:00:50.372 [main] INFO  o.s.c.s.PostProcessorRegistrationDelegate$BeanPostProcessorChecker - Bean 'org.springframework.security.config.annotation.method.configuration.Jsr250MetadataSourceConfiguration' of type [org.springframework.security.config.annotation.method.configuration.Jsr250MetadataSourceConfiguration$$EnhancerBySpringCGLIB$$30041660] is not eligible for getting processed by all BeanPostProcessors (for example: not eligible for auto-proxying)
2018-07-27 17:00:50.382 [main] INFO  o.s.c.s.PostProcessorRegistrationDelegate$BeanPostProcessorChecker - Bean 'jsr250MethodSecurityMetadataSource' of type [org.springframework.security.access.annotation.Jsr250MethodSecurityMetadataSource] is not eligible for getting processed by all BeanPostProcessors (for example: not eligible for auto-proxying)
2018-07-27 17:00:50.385 [main] INFO  o.s.c.s.PostProcessorRegistrationDelegate$BeanPostProcessorChecker - Bean 'securityConfiguration.GlobalSecurityConfiguration' of type [com.wesley.bean.config.SecurityConfiguration$GlobalSecurityConfiguration$$EnhancerBySpringCGLIB$$63449654] is not eligible for getting processed by all BeanPostProcessors (for example: not eligible for auto-proxying)
2018-07-27 17:00:50.416 [main] INFO  o.s.c.s.PostProcessorRegistrationDelegate$BeanPostProcessorChecker - Bean 'methodSecurityMetadataSource' of type [org.springframework.security.access.method.DelegatingMethodSecurityMetadataSource] is not eligible for getting processed by all BeanPostProcessors (for example: not eligible for auto-proxying)
2018-07-27 17:00:50.590 [main] INFO  o.s.c.s.PostProcessorRegistrationDelegate$BeanPostProcessorChecker - Bean 'security.oauth2.client-org.springframework.boot.autoconfigure.security.oauth2.OAuth2ClientProperties' of type [org.springframework.boot.autoconfigure.security.oauth2.OAuth2ClientProperties] is not eligible for getting processed by all BeanPostProcessors (for example: not eligible for auto-proxying)
2018-07-27 17:00:50.609 [main] INFO  o.s.c.s.PostProcessorRegistrationDelegate$BeanPostProcessorChecker - Bean 'org.springframework.boot.autoconfigure.security.oauth2.OAuth2AutoConfiguration' of type [org.springframework.boot.autoconfigure.security.oauth2.OAuth2AutoConfiguration$$EnhancerBySpringCGLIB$$4764f5e] is not eligible for getting processed by all BeanPostProcessors (for example: not eligible for auto-proxying)
2018-07-27 17:00:50.632 [main] INFO  o.s.c.s.PostProcessorRegistrationDelegate$BeanPostProcessorChecker - Bean 'resourceServerProperties' of type [org.springframework.boot.autoconfigure.security.oauth2.resource.ResourceServerProperties] is not eligible for getting processed by all BeanPostProcessors (for example: not eligible for auto-proxying)
2018-07-27 17:00:51.071 [main] INFO  o.s.b.c.e.tomcat.TomcatEmbeddedServletContainer - Tomcat initialized with port(s): 8081 (http)
2018-07-27 17:00:51.085 [main] INFO  org.apache.catalina.core.StandardService - Starting service [Tomcat]
2018-07-27 17:00:51.086 [main] INFO  org.apache.catalina.core.StandardEngine - Starting Servlet Engine: Apache Tomcat/8.5.23
2018-07-27 17:00:51.193 [localhost-startStop-1] INFO  o.a.c.core.ContainerBase.[Tomcat].[localhost].[/] - Initializing Spring embedded WebApplicationContext
2018-07-27 17:00:51.193 [localhost-startStop-1] INFO  org.springframework.web.context.ContextLoader - Root WebApplicationContext: initialization completed in 2090 ms
2018-07-27 17:00:51.510 [localhost-startStop-1] INFO  o.s.boot.web.servlet.FilterRegistrationBean - Mapping filter: 'characterEncodingFilter' to: [/*]
2018-07-27 17:00:51.510 [localhost-startStop-1] INFO  o.s.boot.web.servlet.FilterRegistrationBean - Mapping filter: 'hiddenHttpMethodFilter' to: [/*]
2018-07-27 17:00:51.510 [localhost-startStop-1] INFO  o.s.boot.web.servlet.FilterRegistrationBean - Mapping filter: 'httpPutFormContentFilter' to: [/*]
2018-07-27 17:00:51.510 [localhost-startStop-1] INFO  o.s.boot.web.servlet.FilterRegistrationBean - Mapping filter: 'requestContextFilter' to: [/*]
2018-07-27 17:00:51.511 [localhost-startStop-1] INFO  o.s.b.w.s.DelegatingFilterProxyRegistrationBean - Mapping filter: 'springSecurityFilterChain' to: [/*]
2018-07-27 17:00:51.512 [localhost-startStop-1] INFO  o.s.boot.web.servlet.ServletRegistrationBean - Mapping servlet: 'dispatcherServlet' to [/]
2018-07-27 17:00:52.124 [main] INFO  com.alibaba.druid.pool.DruidDataSource - {dataSource-1} inited
2018-07-27 17:00:52.431 [main] INFO  o.s.orm.jpa.LocalContainerEntityManagerFactoryBean - Building JPA container EntityManagerFactory for persistence unit 'default'
2018-07-27 17:00:52.443 [main] INFO  org.hibernate.jpa.internal.util.LogHelper - HHH000204: Processing PersistenceUnitInfo [
	name: default
	...]
2018-07-27 17:00:52.498 [main] INFO  org.hibernate.Version - HHH000412: Hibernate Core {5.0.12.Final}
2018-07-27 17:00:52.499 [main] INFO  org.hibernate.cfg.Environment - HHH000206: hibernate.properties not found
2018-07-27 17:00:52.500 [main] INFO  org.hibernate.cfg.Environment - HHH000021: Bytecode provider name : javassist
2018-07-27 17:00:52.532 [main] INFO  org.hibernate.annotations.common.Version - HCANN000001: Hibernate Commons Annotations {5.0.1.Final}
2018-07-27 17:00:52.636 [main] INFO  org.hibernate.dialect.Dialect - HHH000400: Using dialect: org.hibernate.dialect.MySQL5Dialect
2018-07-27 17:00:53.071 [main] INFO  o.s.orm.jpa.LocalContainerEntityManagerFactoryBean - Initialized JPA EntityManagerFactory for persistence unit 'default'
2018-07-27 17:00:53.500 [main] INFO  o.h.hql.internal.QueryTranslatorFactoryInitiator - HHH000397: Using ASTQueryTranslatorFactory
2018-07-27 17:00:53.978 [main] INFO  o.s.s.o.p.endpoint.FrameworkEndpointHandlerMapping - Mapped "{[/oauth/authorize]}" onto public org.springframework.web.servlet.ModelAndView org.springframework.security.oauth2.provider.endpoint.AuthorizationEndpoint.authorize(java.util.Map<java.lang.String, java.lang.Object>,java.util.Map<java.lang.String, java.lang.String>,org.springframework.web.bind.support.SessionStatus,java.security.Principal)
2018-07-27 17:00:53.979 [main] INFO  o.s.s.o.p.endpoint.FrameworkEndpointHandlerMapping - Mapped "{[/oauth/authorize],methods=[POST],params=[user_oauth_approval]}" onto public org.springframework.web.servlet.View org.springframework.security.oauth2.provider.endpoint.AuthorizationEndpoint.approveOrDeny(java.util.Map<java.lang.String, java.lang.String>,java.util.Map<java.lang.String, ?>,org.springframework.web.bind.support.SessionStatus,java.security.Principal)
2018-07-27 17:00:53.980 [main] INFO  o.s.s.o.p.endpoint.FrameworkEndpointHandlerMapping - Mapped "{[/oauth/token],methods=[POST]}" onto public org.springframework.http.ResponseEntity<org.springframework.security.oauth2.common.OAuth2AccessToken> org.springframework.security.oauth2.provider.endpoint.TokenEndpoint.postAccessToken(java.security.Principal,java.util.Map<java.lang.String, java.lang.String>) throws org.springframework.web.HttpRequestMethodNotSupportedException
2018-07-27 17:00:53.980 [main] INFO  o.s.s.o.p.endpoint.FrameworkEndpointHandlerMapping - Mapped "{[/oauth/token],methods=[GET]}" onto public org.springframework.http.ResponseEntity<org.springframework.security.oauth2.common.OAuth2AccessToken> org.springframework.security.oauth2.provider.endpoint.TokenEndpoint.getAccessToken(java.security.Principal,java.util.Map<java.lang.String, java.lang.String>) throws org.springframework.web.HttpRequestMethodNotSupportedException
2018-07-27 17:00:53.980 [main] INFO  o.s.s.o.p.endpoint.FrameworkEndpointHandlerMapping - Mapped "{[/oauth/check_token]}" onto public java.util.Map<java.lang.String, ?> org.springframework.security.oauth2.provider.endpoint.CheckTokenEndpoint.checkToken(java.lang.String)
2018-07-27 17:00:53.981 [main] INFO  o.s.s.o.p.endpoint.FrameworkEndpointHandlerMapping - Mapped "{[/oauth/confirm_access]}" onto public org.springframework.web.servlet.ModelAndView org.springframework.security.oauth2.provider.endpoint.WhitelabelApprovalEndpoint.getAccessConfirmation(java.util.Map<java.lang.String, java.lang.Object>,javax.servlet.http.HttpServletRequest) throws java.lang.Exception
2018-07-27 17:00:53.982 [main] INFO  o.s.s.o.p.endpoint.FrameworkEndpointHandlerMapping - Mapped "{[/oauth/error]}" onto public org.springframework.web.servlet.ModelAndView org.springframework.security.oauth2.provider.endpoint.WhitelabelErrorEndpoint.handleError(javax.servlet.http.HttpServletRequest)
2018-07-27 17:00:54.284 [main] INFO  o.s.security.web.DefaultSecurityFilterChain - Creating filter chain: Ant [pattern='/hello'], []
2018-07-27 17:00:54.372 [main] INFO  o.s.security.web.DefaultSecurityFilterChain - Creating filter chain: OrRequestMatcher [requestMatchers=[Ant [pattern='/oauth/token'], Ant [pattern='/oauth/token_key'], Ant [pattern='/oauth/check_token']]], [org.springframework.security.web.context.request.async.WebAsyncManagerIntegrationFilter@3f45dfec, org.springframework.security.web.context.SecurityContextPersistenceFilter@6de33fde, org.springframework.security.web.header.HeaderWriterFilter@5b0e9e0c, org.springframework.security.web.authentication.logout.LogoutFilter@13ee97af, org.springframework.security.web.authentication.www.BasicAuthenticationFilter@404009df, org.springframework.security.web.savedrequest.RequestCacheAwareFilter@75805562, org.springframework.security.web.servletapi.SecurityContextHolderAwareRequestFilter@3006bfb, org.springframework.security.web.authentication.AnonymousAuthenticationFilter@7c69e1e1, org.springframework.security.web.session.SessionManagementFilter@36a58466, org.springframework.security.web.access.ExceptionTranslationFilter@8549c5f, org.springframework.security.web.access.intercept.FilterSecurityInterceptor@5891b7c5]
2018-07-27 17:00:54.392 [main] INFO  o.s.security.web.DefaultSecurityFilterChain - Creating filter chain: org.springframework.security.oauth2.config.annotation.web.configuration.ResourceServerConfiguration$NotOAuthRequestMatcher@76e00bdb, [org.springframework.security.web.context.request.async.WebAsyncManagerIntegrationFilter@7ee2423, org.springframework.security.web.context.SecurityContextPersistenceFilter@4eac65db, org.springframework.security.web.header.HeaderWriterFilter@261a66b8, org.springframework.security.web.authentication.logout.LogoutFilter@16029e2f, org.springframework.security.oauth2.provider.authentication.OAuth2AuthenticationProcessingFilter@2c1a8529, org.springframework.security.web.savedrequest.RequestCacheAwareFilter@dde6f87, org.springframework.security.web.servletapi.SecurityContextHolderAwareRequestFilter@7884f722, org.springframework.security.web.authentication.AnonymousAuthenticationFilter@343d1d25, org.springframework.security.web.session.SessionManagementFilter@adc8683, org.springframework.security.web.access.ExceptionTranslationFilter@60e47aab, org.springframework.security.web.access.intercept.FilterSecurityInterceptor@2cadcff6]
2018-07-27 17:00:54.426 [main] INFO  o.s.security.web.DefaultSecurityFilterChain - Creating filter chain: org.springframework.security.web.util.matcher.AnyRequestMatcher@1, [org.springframework.security.web.context.request.async.WebAsyncManagerIntegrationFilter@14239223, org.springframework.security.web.context.SecurityContextPersistenceFilter@16f34376, org.springframework.security.web.header.HeaderWriterFilter@1d9af731, org.springframework.security.web.csrf.CsrfFilter@39f4a7c4, org.springframework.security.web.authentication.logout.LogoutFilter@5256fbc, org.springframework.security.web.authentication.UsernamePasswordAuthenticationFilter@56f2c9e8, org.springframework.security.web.authentication.ui.DefaultLoginPageGeneratingFilter@4272d8cf, org.springframework.security.web.authentication.www.BasicAuthenticationFilter@6106dfb6, org.springframework.security.web.savedrequest.RequestCacheAwareFilter@4ede035e, org.springframework.security.web.servletapi.SecurityContextHolderAwareRequestFilter@43756cb, org.springframework.security.web.authentication.AnonymousAuthenticationFilter@68df8c6, org.springframework.security.web.session.SessionManagementFilter@39afe59f, org.springframework.security.web.access.ExceptionTranslationFilter@218f2f51, org.springframework.security.web.access.intercept.FilterSecurityInterceptor@2619cb76]
2018-07-27 17:00:54.922 [main] INFO  o.s.w.s.m.m.a.RequestMappingHandlerAdapter - Looking for @ControllerAdvice: org.springframework.boot.context.embedded.AnnotationConfigEmbeddedWebApplicationContext@4562e04d: startup date [Fri Jul 27 17:00:49 CST 2018]; root of context hierarchy
2018-07-27 17:00:54.997 [main] INFO  o.s.w.s.m.m.a.RequestMappingHandlerMapping - Mapped "{[/hello],methods=[GET]}" onto public java.lang.String com.wesley.bean.controller.HelloController.sayHello()
2018-07-27 17:00:54.997 [main] INFO  o.s.w.s.m.m.a.RequestMappingHandlerMapping - Mapped "{[/validator]}" onto public java.lang.String com.wesley.bean.controller.IndexController.validator(com.wesley.bean.pojo.DemoEntity,org.springframework.validation.BindingResult)
2018-07-27 17:00:54.997 [main] INFO  o.s.w.s.m.m.a.RequestMappingHandlerMapping - Mapped "{[/secure],methods=[GET]}" onto public java.lang.String com.wesley.bean.controller.SecureController.sayHello()
2018-07-27 17:00:54.998 [main] INFO  o.s.w.s.m.m.a.RequestMappingHandlerMapping - Mapped "{[/error]}" onto public org.springframework.http.ResponseEntity<java.util.Map<java.lang.String, java.lang.Object>> org.springframework.boot.autoconfigure.web.BasicErrorController.error(javax.servlet.http.HttpServletRequest)
2018-07-27 17:00:54.999 [main] INFO  o.s.w.s.m.m.a.RequestMappingHandlerMapping - Mapped "{[/error],produces=[text/html]}" onto public org.springframework.web.servlet.ModelAndView org.springframework.boot.autoconfigure.web.BasicErrorController.errorHtml(javax.servlet.http.HttpServletRequest,javax.servlet.http.HttpServletResponse)
2018-07-27 17:00:55.049 [main] INFO  o.s.web.servlet.handler.SimpleUrlHandlerMapping - Mapped URL path [/webjars/**] onto handler of type [class org.springframework.web.servlet.resource.ResourceHttpRequestHandler]
2018-07-27 17:00:55.049 [main] INFO  o.s.web.servlet.handler.SimpleUrlHandlerMapping - Mapped URL path [/**] onto handler of type [class org.springframework.web.servlet.resource.ResourceHttpRequestHandler]
2018-07-27 17:00:55.095 [main] INFO  o.s.web.servlet.handler.SimpleUrlHandlerMapping - Mapped URL path [/**/favicon.ico] onto handler of type [class org.springframework.web.servlet.resource.ResourceHttpRequestHandler]
2018-07-27 17:00:55.501 [main] INFO  o.s.jmx.export.annotation.AnnotationMBeanExporter - Registering beans for JMX exposure on startup
2018-07-27 17:00:55.503 [main] INFO  o.s.jmx.export.annotation.AnnotationMBeanExporter - Bean with name 'dataSource' has been autodetected for JMX exposure
2018-07-27 17:00:55.507 [main] INFO  o.s.jmx.export.annotation.AnnotationMBeanExporter - Located MBean 'dataSource': registering with JMX server as MBean [com.alibaba.druid.pool:name=dataSource,type=DruidDataSource]
2018-07-27 17:00:55.517 [main] INFO  org.apache.coyote.http11.Http11NioProtocol - Initializing ProtocolHandler ["http-nio-8081"]
2018-07-27 17:00:55.526 [main] INFO  org.apache.coyote.http11.Http11NioProtocol - Starting ProtocolHandler ["http-nio-8081"]
2018-07-27 17:00:55.540 [main] INFO  org.apache.tomcat.util.net.NioSelectorPool - Using a shared selector for servlet write/read
2018-07-27 17:00:55.567 [main] INFO  o.s.b.c.e.tomcat.TomcatEmbeddedServletContainer - Tomcat started on port(s): 8081 (http)
2018-07-27 17:00:55.572 [main] INFO  com.wesley.bean.BeanApplication - Started BeanApplication in 6.812 seconds (JVM running for 7.215)
2018-07-27 17:01:02.353 [http-nio-8081-exec-1] INFO  o.a.c.core.ContainerBase.[Tomcat].[localhost].[/] - Initializing Spring FrameworkServlet 'dispatcherServlet'
2018-07-27 17:01:02.354 [http-nio-8081-exec-1] INFO  org.springframework.web.servlet.DispatcherServlet - FrameworkServlet 'dispatcherServlet': initialization started
2018-07-27 17:01:02.381 [http-nio-8081-exec-1] INFO  org.springframework.web.servlet.DispatcherServlet - FrameworkServlet 'dispatcherServlet': initialization completed in 27 ms
2018-07-27 17:01:30.255 [main] INFO  com.wesley.bean.BeanApplication - Starting BeanApplication on csscis with PID 25584 (E:\GoogleDownLoad\bean\target\classes started by pc in E:\GoogleDownLoad\bean)
2018-07-27 17:01:30.257 [main] INFO  com.wesley.bean.BeanApplication - No active profile set, falling back to default profiles: default
2018-07-27 17:01:30.303 [main] INFO  o.s.b.c.e.AnnotationConfigEmbeddedWebApplicationContext - Refreshing org.springframework.boot.context.embedded.AnnotationConfigEmbeddedWebApplicationContext@4562e04d: startup date [Fri Jul 27 17:01:30 CST 2018]; root of context hierarchy
2018-07-27 17:01:30.480 [background-preinit] INFO  org.hibernate.validator.internal.util.Version - HV000001: Hibernate Validator 5.3.5.Final
2018-07-27 17:01:31.279 [main] INFO  o.s.c.s.PostProcessorRegistrationDelegate$BeanPostProcessorChecker - Bean 'org.springframework.transaction.annotation.ProxyTransactionManagementConfiguration' of type [org.springframework.transaction.annotation.ProxyTransactionManagementConfiguration$$EnhancerBySpringCGLIB$$f8e83f58] is not eligible for getting processed by all BeanPostProcessors (for example: not eligible for auto-proxying)
2018-07-27 17:01:31.465 [main] INFO  o.s.c.s.PostProcessorRegistrationDelegate$BeanPostProcessorChecker - Bean 'org.springframework.security.config.annotation.configuration.ObjectPostProcessorConfiguration' of type [org.springframework.security.config.annotation.configuration.ObjectPostProcessorConfiguration$$EnhancerBySpringCGLIB$$91960792] is not eligible for getting processed by all BeanPostProcessors (for example: not eligible for auto-proxying)
2018-07-27 17:01:31.475 [main] INFO  o.s.c.s.PostProcessorRegistrationDelegate$BeanPostProcessorChecker - Bean 'objectPostProcessor' of type [org.springframework.security.config.annotation.configuration.AutowireBeanFactoryObjectPostProcessor] is not eligible for getting processed by all BeanPostProcessors (for example: not eligible for auto-proxying)
2018-07-27 17:01:31.480 [main] INFO  o.s.c.s.PostProcessorRegistrationDelegate$BeanPostProcessorChecker - Bean 'org.springframework.security.access.expression.method.DefaultMethodSecurityExpressionHandler@79a1728c' of type [org.springframework.security.oauth2.provider.expression.OAuth2MethodSecurityExpressionHandler] is not eligible for getting processed by all BeanPostProcessors (for example: not eligible for auto-proxying)
2018-07-27 17:01:31.487 [main] INFO  o.s.c.s.PostProcessorRegistrationDelegate$BeanPostProcessorChecker - Bean 'org.springframework.security.config.annotation.method.configuration.Jsr250MetadataSourceConfiguration' of type [org.springframework.security.config.annotation.method.configuration.Jsr250MetadataSourceConfiguration$$EnhancerBySpringCGLIB$$dbbfc25a] is not eligible for getting processed by all BeanPostProcessors (for example: not eligible for auto-proxying)
2018-07-27 17:01:31.498 [main] INFO  o.s.c.s.PostProcessorRegistrationDelegate$BeanPostProcessorChecker - Bean 'jsr250MethodSecurityMetadataSource' of type [org.springframework.security.access.annotation.Jsr250MethodSecurityMetadataSource] is not eligible for getting processed by all BeanPostProcessors (for example: not eligible for auto-proxying)
2018-07-27 17:01:31.501 [main] INFO  o.s.c.s.PostProcessorRegistrationDelegate$BeanPostProcessorChecker - Bean 'securityConfiguration.GlobalSecurityConfiguration' of type [com.wesley.bean.config.SecurityConfiguration$GlobalSecurityConfiguration$$EnhancerBySpringCGLIB$$f00424e] is not eligible for getting processed by all BeanPostProcessors (for example: not eligible for auto-proxying)
2018-07-27 17:01:31.535 [main] INFO  o.s.c.s.PostProcessorRegistrationDelegate$BeanPostProcessorChecker - Bean 'methodSecurityMetadataSource' of type [org.springframework.security.access.method.DelegatingMethodSecurityMetadataSource] is not eligible for getting processed by all BeanPostProcessors (for example: not eligible for auto-proxying)
2018-07-27 17:01:31.712 [main] INFO  o.s.c.s.PostProcessorRegistrationDelegate$BeanPostProcessorChecker - Bean 'security.oauth2.client-org.springframework.boot.autoconfigure.security.oauth2.OAuth2ClientProperties' of type [org.springframework.boot.autoconfigure.security.oauth2.OAuth2ClientProperties] is not eligible for getting processed by all BeanPostProcessors (for example: not eligible for auto-proxying)
2018-07-27 17:01:31.718 [main] INFO  o.s.c.s.PostProcessorRegistrationDelegate$BeanPostProcessorChecker - Bean 'org.springframework.boot.autoconfigure.security.oauth2.OAuth2AutoConfiguration' of type [org.springframework.boot.autoconfigure.security.oauth2.OAuth2AutoConfiguration$$EnhancerBySpringCGLIB$$b031fb58] is not eligible for getting processed by all BeanPostProcessors (for example: not eligible for auto-proxying)
2018-07-27 17:01:31.748 [main] INFO  o.s.c.s.PostProcessorRegistrationDelegate$BeanPostProcessorChecker - Bean 'resourceServerProperties' of type [org.springframework.boot.autoconfigure.security.oauth2.resource.ResourceServerProperties] is not eligible for getting processed by all BeanPostProcessors (for example: not eligible for auto-proxying)
2018-07-27 17:01:32.138 [main] INFO  o.s.b.c.e.tomcat.TomcatEmbeddedServletContainer - Tomcat initialized with port(s): 8081 (http)
2018-07-27 17:01:32.152 [main] INFO  org.apache.catalina.core.StandardService - Starting service [Tomcat]
2018-07-27 17:01:32.153 [main] INFO  org.apache.catalina.core.StandardEngine - Starting Servlet Engine: Apache Tomcat/8.5.23
2018-07-27 17:01:32.262 [localhost-startStop-1] INFO  o.a.c.core.ContainerBase.[Tomcat].[localhost].[/] - Initializing Spring embedded WebApplicationContext
2018-07-27 17:01:32.262 [localhost-startStop-1] INFO  org.springframework.web.context.ContextLoader - Root WebApplicationContext: initialization completed in 1959 ms
2018-07-27 17:01:32.557 [localhost-startStop-1] INFO  o.s.boot.web.servlet.FilterRegistrationBean - Mapping filter: 'characterEncodingFilter' to: [/*]
2018-07-27 17:01:32.558 [localhost-startStop-1] INFO  o.s.boot.web.servlet.FilterRegistrationBean - Mapping filter: 'hiddenHttpMethodFilter' to: [/*]
2018-07-27 17:01:32.558 [localhost-startStop-1] INFO  o.s.boot.web.servlet.FilterRegistrationBean - Mapping filter: 'httpPutFormContentFilter' to: [/*]
2018-07-27 17:01:32.558 [localhost-startStop-1] INFO  o.s.boot.web.servlet.FilterRegistrationBean - Mapping filter: 'requestContextFilter' to: [/*]
2018-07-27 17:01:32.559 [localhost-startStop-1] INFO  o.s.b.w.s.DelegatingFilterProxyRegistrationBean - Mapping filter: 'springSecurityFilterChain' to: [/*]
2018-07-27 17:01:32.559 [localhost-startStop-1] INFO  o.s.boot.web.servlet.ServletRegistrationBean - Mapping servlet: 'dispatcherServlet' to [/]
2018-07-27 17:01:33.146 [main] INFO  com.alibaba.druid.pool.DruidDataSource - {dataSource-1} inited
2018-07-27 17:01:33.452 [main] INFO  o.s.orm.jpa.LocalContainerEntityManagerFactoryBean - Building JPA container EntityManagerFactory for persistence unit 'default'
2018-07-27 17:01:33.466 [main] INFO  org.hibernate.jpa.internal.util.LogHelper - HHH000204: Processing PersistenceUnitInfo [
	name: default
	...]
2018-07-27 17:01:33.522 [main] INFO  org.hibernate.Version - HHH000412: Hibernate Core {5.0.12.Final}
2018-07-27 17:01:33.524 [main] INFO  org.hibernate.cfg.Environment - HHH000206: hibernate.properties not found
2018-07-27 17:01:33.525 [main] INFO  org.hibernate.cfg.Environment - HHH000021: Bytecode provider name : javassist
2018-07-27 17:01:33.560 [main] INFO  org.hibernate.annotations.common.Version - HCANN000001: Hibernate Commons Annotations {5.0.1.Final}
2018-07-27 17:01:33.661 [main] INFO  org.hibernate.dialect.Dialect - HHH000400: Using dialect: org.hibernate.dialect.MySQL5Dialect
2018-07-27 17:01:34.087 [main] INFO  o.s.orm.jpa.LocalContainerEntityManagerFactoryBean - Initialized JPA EntityManagerFactory for persistence unit 'default'
2018-07-27 17:01:34.484 [main] INFO  o.h.hql.internal.QueryTranslatorFactoryInitiator - HHH000397: Using ASTQueryTranslatorFactory
2018-07-27 17:01:34.945 [main] INFO  o.s.s.o.p.endpoint.FrameworkEndpointHandlerMapping - Mapped "{[/oauth/authorize]}" onto public org.springframework.web.servlet.ModelAndView org.springframework.security.oauth2.provider.endpoint.AuthorizationEndpoint.authorize(java.util.Map<java.lang.String, java.lang.Object>,java.util.Map<java.lang.String, java.lang.String>,org.springframework.web.bind.support.SessionStatus,java.security.Principal)
2018-07-27 17:01:34.946 [main] INFO  o.s.s.o.p.endpoint.FrameworkEndpointHandlerMapping - Mapped "{[/oauth/authorize],methods=[POST],params=[user_oauth_approval]}" onto public org.springframework.web.servlet.View org.springframework.security.oauth2.provider.endpoint.AuthorizationEndpoint.approveOrDeny(java.util.Map<java.lang.String, java.lang.String>,java.util.Map<java.lang.String, ?>,org.springframework.web.bind.support.SessionStatus,java.security.Principal)
2018-07-27 17:01:34.946 [main] INFO  o.s.s.o.p.endpoint.FrameworkEndpointHandlerMapping - Mapped "{[/oauth/token],methods=[GET]}" onto public org.springframework.http.ResponseEntity<org.springframework.security.oauth2.common.OAuth2AccessToken> org.springframework.security.oauth2.provider.endpoint.TokenEndpoint.getAccessToken(java.security.Principal,java.util.Map<java.lang.String, java.lang.String>) throws org.springframework.web.HttpRequestMethodNotSupportedException
2018-07-27 17:01:34.946 [main] INFO  o.s.s.o.p.endpoint.FrameworkEndpointHandlerMapping - Mapped "{[/oauth/token],methods=[POST]}" onto public org.springframework.http.ResponseEntity<org.springframework.security.oauth2.common.OAuth2AccessToken> org.springframework.security.oauth2.provider.endpoint.TokenEndpoint.postAccessToken(java.security.Principal,java.util.Map<java.lang.String, java.lang.String>) throws org.springframework.web.HttpRequestMethodNotSupportedException
2018-07-27 17:01:34.947 [main] INFO  o.s.s.o.p.endpoint.FrameworkEndpointHandlerMapping - Mapped "{[/oauth/check_token]}" onto public java.util.Map<java.lang.String, ?> org.springframework.security.oauth2.provider.endpoint.CheckTokenEndpoint.checkToken(java.lang.String)
2018-07-27 17:01:34.947 [main] INFO  o.s.s.o.p.endpoint.FrameworkEndpointHandlerMapping - Mapped "{[/oauth/confirm_access]}" onto public org.springframework.web.servlet.ModelAndView org.springframework.security.oauth2.provider.endpoint.WhitelabelApprovalEndpoint.getAccessConfirmation(java.util.Map<java.lang.String, java.lang.Object>,javax.servlet.http.HttpServletRequest) throws java.lang.Exception
2018-07-27 17:01:34.948 [main] INFO  o.s.s.o.p.endpoint.FrameworkEndpointHandlerMapping - Mapped "{[/oauth/error]}" onto public org.springframework.web.servlet.ModelAndView org.springframework.security.oauth2.provider.endpoint.WhitelabelErrorEndpoint.handleError(javax.servlet.http.HttpServletRequest)
2018-07-27 17:01:35.265 [main] INFO  o.s.security.web.DefaultSecurityFilterChain - Creating filter chain: Ant [pattern='/hello'], []
2018-07-27 17:01:35.353 [main] INFO  o.s.security.web.DefaultSecurityFilterChain - Creating filter chain: OrRequestMatcher [requestMatchers=[Ant [pattern='/oauth/token'], Ant [pattern='/oauth/token_key'], Ant [pattern='/oauth/check_token']]], [org.springframework.security.web.context.request.async.WebAsyncManagerIntegrationFilter@7b52b18a, org.springframework.security.web.context.SecurityContextPersistenceFilter@59e0d521, org.springframework.security.web.header.HeaderWriterFilter@21ea1d9d, org.springframework.security.web.authentication.logout.LogoutFilter@341ccfd1, org.springframework.security.web.authentication.www.BasicAuthenticationFilter@7bda01da, org.springframework.security.web.savedrequest.RequestCacheAwareFilter@4fedf908, org.springframework.security.web.servletapi.SecurityContextHolderAwareRequestFilter@5402612e, org.springframework.security.web.authentication.AnonymousAuthenticationFilter@1bc6c20d, org.springframework.security.web.session.SessionManagementFilter@9147ba2, org.springframework.security.web.access.ExceptionTranslationFilter@50f3ba6a, org.springframework.security.web.access.intercept.FilterSecurityInterceptor@38e46765]
2018-07-27 17:01:35.372 [main] INFO  o.s.security.web.DefaultSecurityFilterChain - Creating filter chain: org.springframework.security.oauth2.config.annotation.web.configuration.ResourceServerConfiguration$NotOAuthRequestMatcher@343d1d25, [org.springframework.security.web.context.request.async.WebAsyncManagerIntegrationFilter@762da62b, org.springframework.security.web.context.SecurityContextPersistenceFilter@7884f722, org.springframework.security.web.header.HeaderWriterFilter@4eac65db, org.springframework.security.web.authentication.logout.LogoutFilter@45f1413c, org.springframework.security.oauth2.provider.authentication.OAuth2AuthenticationProcessingFilter@45e639ee, org.springframework.security.web.savedrequest.RequestCacheAwareFilter@16029e2f, org.springframework.security.web.servletapi.SecurityContextHolderAwareRequestFilter@3b2db389, org.springframework.security.web.authentication.AnonymousAuthenticationFilter@e5c5e6, org.springframework.security.web.session.SessionManagementFilter@dde6f87, org.springframework.security.web.access.ExceptionTranslationFilter@adc8683, org.springframework.security.web.access.intercept.FilterSecurityInterceptor@7ee2423]
2018-07-27 17:01:35.412 [main] INFO  o.s.security.web.DefaultSecurityFilterChain - Creating filter chain: org.springframework.security.web.util.matcher.AnyRequestMatcher@1, [org.springframework.security.web.context.request.async.WebAsyncManagerIntegrationFilter@7c206b14, org.springframework.security.web.context.SecurityContextPersistenceFilter@43756cb, org.springframework.security.web.header.HeaderWriterFilter@16f34376, org.springframework.security.web.csrf.CsrfFilter@1ff542a3, org.springframework.security.web.authentication.logout.LogoutFilter@3620eab, org.springframework.security.web.authentication.UsernamePasswordAuthenticationFilter@350342e0, org.springframework.security.web.authentication.ui.DefaultLoginPageGeneratingFilter@70ecf57b, org.springframework.security.web.authentication.www.BasicAuthenticationFilter@68df8c6, org.springframework.security.web.savedrequest.RequestCacheAwareFilter@4272d8cf, org.springframework.security.web.servletapi.SecurityContextHolderAwareRequestFilter@4e96cb04, org.springframework.security.web.authentication.AnonymousAuthenticationFilter@2b8cf049, org.springframework.security.web.session.SessionManagementFilter@4ede035e, org.springframework.security.web.access.ExceptionTranslationFilter@39afe59f, org.springframework.security.web.access.intercept.FilterSecurityInterceptor@457692cb]
2018-07-27 17:01:35.938 [main] INFO  o.s.w.s.m.m.a.RequestMappingHandlerAdapter - Looking for @ControllerAdvice: org.springframework.boot.context.embedded.AnnotationConfigEmbeddedWebApplicationContext@4562e04d: startup date [Fri Jul 27 17:01:30 CST 2018]; root of context hierarchy
2018-07-27 17:01:36.013 [main] INFO  o.s.w.s.m.m.a.RequestMappingHandlerMapping - Mapped "{[/hello],methods=[GET]}" onto public java.lang.String com.wesley.bean.controller.HelloController.sayHello()
2018-07-27 17:01:36.013 [main] INFO  o.s.w.s.m.m.a.RequestMappingHandlerMapping - Mapped "{[/validator]}" onto public java.lang.String com.wesley.bean.controller.IndexController.validator(com.wesley.bean.pojo.DemoEntity,org.springframework.validation.BindingResult)
2018-07-27 17:01:36.014 [main] INFO  o.s.w.s.m.m.a.RequestMappingHandlerMapping - Mapped "{[/secure],methods=[GET]}" onto public java.lang.String com.wesley.bean.controller.SecureController.sayHello()
2018-07-27 17:01:36.016 [main] INFO  o.s.w.s.m.m.a.RequestMappingHandlerMapping - Mapped "{[/error]}" onto public org.springframework.http.ResponseEntity<java.util.Map<java.lang.String, java.lang.Object>> org.springframework.boot.autoconfigure.web.BasicErrorController.error(javax.servlet.http.HttpServletRequest)
2018-07-27 17:01:36.016 [main] INFO  o.s.w.s.m.m.a.RequestMappingHandlerMapping - Mapped "{[/error],produces=[text/html]}" onto public org.springframework.web.servlet.ModelAndView org.springframework.boot.autoconfigure.web.BasicErrorController.errorHtml(javax.servlet.http.HttpServletRequest,javax.servlet.http.HttpServletResponse)
2018-07-27 17:01:36.075 [main] INFO  o.s.web.servlet.handler.SimpleUrlHandlerMapping - Mapped URL path [/webjars/**] onto handler of type [class org.springframework.web.servlet.resource.ResourceHttpRequestHandler]
2018-07-27 17:01:36.075 [main] INFO  o.s.web.servlet.handler.SimpleUrlHandlerMapping - Mapped URL path [/**] onto handler of type [class org.springframework.web.servlet.resource.ResourceHttpRequestHandler]
2018-07-27 17:01:36.136 [main] INFO  o.s.web.servlet.handler.SimpleUrlHandlerMapping - Mapped URL path [/**/favicon.ico] onto handler of type [class org.springframework.web.servlet.resource.ResourceHttpRequestHandler]
2018-07-27 17:01:36.542 [main] INFO  o.s.jmx.export.annotation.AnnotationMBeanExporter - Registering beans for JMX exposure on startup
2018-07-27 17:01:36.544 [main] INFO  o.s.jmx.export.annotation.AnnotationMBeanExporter - Bean with name 'dataSource' has been autodetected for JMX exposure
2018-07-27 17:01:36.548 [main] INFO  o.s.jmx.export.annotation.AnnotationMBeanExporter - Located MBean 'dataSource': registering with JMX server as MBean [com.alibaba.druid.pool:name=dataSource,type=DruidDataSource]
2018-07-27 17:01:36.561 [main] INFO  org.apache.coyote.http11.Http11NioProtocol - Initializing ProtocolHandler ["http-nio-8081"]
2018-07-27 17:01:36.570 [main] INFO  org.apache.coyote.http11.Http11NioProtocol - Starting ProtocolHandler ["http-nio-8081"]
2018-07-27 17:01:36.586 [main] INFO  org.apache.tomcat.util.net.NioSelectorPool - Using a shared selector for servlet write/read
2018-07-27 17:01:36.615 [main] INFO  o.s.b.c.e.tomcat.TomcatEmbeddedServletContainer - Tomcat started on port(s): 8081 (http)
2018-07-27 17:01:36.620 [main] INFO  com.wesley.bean.BeanApplication - Started BeanApplication in 6.643 seconds (JVM running for 7.028)
2018-07-27 17:01:43.966 [http-nio-8081-exec-1] INFO  o.a.c.core.ContainerBase.[Tomcat].[localhost].[/] - Initializing Spring FrameworkServlet 'dispatcherServlet'
2018-07-27 17:01:43.966 [http-nio-8081-exec-1] INFO  org.springframework.web.servlet.DispatcherServlet - FrameworkServlet 'dispatcherServlet': initialization started
2018-07-27 17:01:44.001 [http-nio-8081-exec-1] INFO  org.springframework.web.servlet.DispatcherServlet - FrameworkServlet 'dispatcherServlet': initialization completed in 35 ms
